# JRE version: OpenJDK Runtime Environment (8.0_312-b07) (build 1.8.0_312-8u312-b07-0ubuntu1~20.04-b07)
# Java VM: OpenJDK 64-Bit Server VM (25.312-b07 mixed mode linux-amd64 compressed oops)
Heap:
 PSYoungGen      total 111616K, used 44229K [0x00000000eab00000, 0x00000000f8500000, 0x0000000100000000)
  eden space 103424K, 34% used [0x00000000eab00000,0x00000000ece361c0,0x00000000f1000000)
  from space 8192K, 99% used [0x00000000f1000000,0x00000000f17fb290,0x00000000f1800000)
  to   space 8192K, 0% used [0x00000000f7d00000,0x00000000f7d00000,0x00000000f8500000)
 ParOldGen       total 136704K, used 93326K [0x00000000c0000000, 0x00000000c8580000, 0x00000000eab00000)
  object space 136704K, 68% used [0x00000000c0000000,0x00000000c5b23a80,0x00000000c8580000)
 Metaspace       used 5362K, capacity 5598K, committed 5888K, reserved 1056768K
  class space    used 593K, capacity 673K, committed 768K, reserved 1048576K
GC Heap History (10 events):
Event: 0.459 GC heap before
{Heap before GC invocations=2 (full 1):
 PSYoungGen      total 59904K, used 1120K [0x00000000eab00000, 0x00000000eed80000, 0x0000000100000000)
  eden space 51712K, 0% used [0x00000000eab00000,0x00000000eab00000,0x00000000edd80000)
  from space 8192K, 13% used [0x00000000edd80000,0x00000000ede98020,0x00000000ee580000)
  to   space 8192K, 0% used [0x00000000ee580000,0x00000000ee580000,0x00000000eed80000)
 ParOldGen       total 136704K, used 8K [0x00000000c0000000, 0x00000000c8580000, 0x00000000eab00000)
  object space 136704K, 0% used [0x00000000c0000000,0x00000000c0002000,0x00000000c8580000)
 Metaspace       used 3850K, capacity 4706K, committed 4864K, reserved 1056768K
  class space    used 419K, capacity 466K, committed 512K, reserved 1048576K
Event: 0.464 GC heap after
Heap after GC invocations=2 (full 1):
 PSYoungGen      total 59904K, used 0K [0x00000000eab00000, 0x00000000eed80000, 0x0000000100000000)
  eden space 51712K, 0% used [0x00000000eab00000,0x00000000eab00000,0x00000000edd80000)
  from space 8192K, 0% used [0x00000000edd80000,0x00000000edd80000,0x00000000ee580000)
  to   space 8192K, 0% used [0x00000000ee580000,0x00000000ee580000,0x00000000eed80000)
 ParOldGen       total 136704K, used 1008K [0x00000000c0000000, 0x00000000c8580000, 0x00000000eab00000)
  object space 136704K, 0% used [0x00000000c0000000,0x00000000c00fc120,0x00000000c8580000)
 Metaspace       used 3850K, capacity 4706K, committed 4864K, reserved 1056768K
  class space    used 419K, capacity 466K, committed 512K, reserved 1048576K
}
Event: 12.182 GC heap before
{Heap before GC invocations=3 (full 1):
 PSYoungGen      total 59904K, used 51712K [0x00000000eab00000, 0x00000000eed80000, 0x0000000100000000)
  eden space 51712K, 100% used [0x00000000eab00000,0x00000000edd80000,0x00000000edd80000)
  from space 8192K, 0% used [0x00000000edd80000,0x00000000edd80000,0x00000000ee580000)
  to   space 8192K, 0% used [0x00000000ee580000,0x00000000ee580000,0x00000000eed80000)
 ParOldGen       total 136704K, used 1008K [0x00000000c0000000, 0x00000000c8580000, 0x00000000eab00000)
  object space 136704K, 0% used [0x00000000c0000000,0x00000000c00fc120,0x00000000c8580000)
 Metaspace       used 5036K, capacity 5294K, committed 5632K, reserved 1056768K
  class space    used 559K, capacity 641K, committed 768K, reserved 1048576K
Event: 12.235 GC heap after
Heap after GC invocations=3 (full 1):
 PSYoungGen      total 59904K, used 8174K [0x00000000eab00000, 0x00000000eed80000, 0x0000000100000000)
  eden space 51712K, 0% used [0x00000000eab00000,0x00000000eab00000,0x00000000edd80000)
  from space 8192K, 99% used [0x00000000ee580000,0x00000000eed7b9b8,0x00000000eed80000)
  to   space 8192K, 0% used [0x00000000edd80000,0x00000000edd80000,0x00000000ee580000)
 ParOldGen       total 136704K, used 38996K [0x00000000c0000000, 0x00000000c8580000, 0x00000000eab00000)
  object space 136704K, 28% used [0x00000000c0000000,0x00000000c2615070,0x00000000c8580000)
 Metaspace       used 5036K, capacity 5294K, committed 5632K, reserved 1056768K
  class space    used 559K, capacity 641K, committed 768K, reserved 1048576K
}
Event: 12.320 GC heap before
{Heap before GC invocations=4 (full 1):
 PSYoungGen      total 59904K, used 59886K [0x00000000eab00000, 0x00000000eed80000, 0x0000000100000000)
  eden space 51712K, 100% used [0x00000000eab00000,0x00000000edd80000,0x00000000edd80000)
  from space 8192K, 99% used [0x00000000ee580000,0x00000000eed7b9b8,0x00000000eed80000)
  to   space 8192K, 0% used [0x00000000edd80000,0x00000000edd80000,0x00000000ee580000)
 ParOldGen       total 136704K, used 38996K [0x00000000c0000000, 0x00000000c8580000, 0x00000000eab00000)
  object space 136704K, 28% used [0x00000000c0000000,0x00000000c2615070,0x00000000c8580000)
 Metaspace       used 5072K, capacity 5294K, committed 5632K, reserved 1056768K
  class space    used 561K, capacity 641K, committed 768K, reserved 1048576K
Event: 12.361 GC heap after
Heap after GC invocations=4 (full 1):
 PSYoungGen      total 59904K, used 8172K [0x00000000eab00000, 0x00000000f2000000, 0x0000000100000000)
  eden space 51712K, 0% used [0x00000000eab00000,0x00000000eab00000,0x00000000edd80000)
  from space 8192K, 99% used [0x00000000edd80000,0x00000000ee57b290,0x00000000ee580000)
  to   space 8192K, 0% used [0x00000000f1800000,0x00000000f1800000,0x00000000f2000000)
 ParOldGen       total 136704K, used 64303K [0x00000000c0000000, 0x00000000c8580000, 0x00000000eab00000)
  object space 136704K, 47% used [0x00000000c0000000,0x00000000c3ecbf18,0x00000000c8580000)
 Metaspace       used 5072K, capacity 5294K, committed 5632K, reserved 1056768K
  class space    used 561K, capacity 641K, committed 768K, reserved 1048576K
}
Event: 12.424 GC heap before
{Heap before GC invocations=5 (full 1):
 PSYoungGen      total 59904K, used 59884K [0x00000000eab00000, 0x00000000f2000000, 0x0000000100000000)
  eden space 51712K, 100% used [0x00000000eab00000,0x00000000edd80000,0x00000000edd80000)
  from space 8192K, 99% used [0x00000000edd80000,0x00000000ee57b290,0x00000000ee580000)
  to   space 8192K, 0% used [0x00000000f1800000,0x00000000f1800000,0x00000000f2000000)
 ParOldGen       total 136704K, used 64303K [0x00000000c0000000, 0x00000000c8580000, 0x00000000eab00000)
  object space 136704K, 47% used [0x00000000c0000000,0x00000000c3ecbf18,0x00000000c8580000)
 Metaspace       used 5083K, capacity 5294K, committed 5632K, reserved 1056768K
  class space    used 561K, capacity 641K, committed 768K, reserved 1048576K
Event: 12.456 GC heap after
Heap after GC invocations=5 (full 1):
 PSYoungGen      total 111616K, used 8172K [0x00000000eab00000, 0x00000000f2000000, 0x0000000100000000)
  eden space 103424K, 0% used [0x00000000eab00000,0x00000000eab00000,0x00000000f1000000)
  from space 8192K, 99% used [0x00000000f1800000,0x00000000f1ffb290,0x00000000f2000000)
  to   space 8192K, 0% used [0x00000000f1000000,0x00000000f1000000,0x00000000f1800000)
 ParOldGen       total 136704K, used 71023K [0x00000000c0000000, 0x00000000c8580000, 0x00000000eab00000)
  object space 136704K, 51% used [0x00000000c0000000,0x00000000c455bf18,0x00000000c8580000)
 Metaspace       used 5083K, capacity 5294K, committed 5632K, reserved 1056768K
  class space    used 561K, capacity 641K, committed 768K, reserved 1048576K
}
Event: 12.608 GC heap before
{Heap before GC invocations=6 (full 1):
 PSYoungGen      total 111616K, used 111596K [0x00000000eab00000, 0x00000000f2000000, 0x0000000100000000)
  eden space 103424K, 100% used [0x00000000eab00000,0x00000000f1000000,0x00000000f1000000)
  from space 8192K, 99% used [0x00000000f1800000,0x00000000f1ffb290,0x00000000f2000000)
  to   space 8192K, 0% used [0x00000000f1000000,0x00000000f1000000,0x00000000f1800000)
 ParOldGen       total 136704K, used 71023K [0x00000000c0000000, 0x00000000c8580000, 0x00000000eab00000)
  object space 136704K, 51% used [0x00000000c0000000,0x00000000c455bf18,0x00000000c8580000)
 Metaspace       used 5107K, capacity 5294K, committed 5632K, reserved 1056768K
  class space    used 565K, capacity 641K, committed 768K, reserved 1048576K
Event: 12.666 GC heap after
Heap after GC invocations=6 (full 1):
 PSYoungGen      total 111616K, used 8172K [0x00000000eab00000, 0x00000000f8500000, 0x0000000100000000)
  eden space 103424K, 0% used [0x00000000eab00000,0x00000000eab00000,0x00000000f1000000)
  from space 8192K, 99% used [0x00000000f1000000,0x00000000f17fb290,0x00000000f1800000)
  to   space 8192K, 0% used [0x00000000f7d00000,0x00000000f7d00000,0x00000000f8500000)
 ParOldGen       total 136704K, used 93326K [0x00000000c0000000, 0x00000000c8580000, 0x00000000eab00000)
  object space 136704K, 68% used [0x00000000c0000000,0x00000000c5b23a80,0x00000000c8580000)
 Metaspace       used 5107K, capacity 5294K, committed 5632K, reserved 1056768K
  class space    used 565K, capacity 641K, committed 768K, reserved 1048576K
}

